2024-12-18 14:40:57,305 - MyLogger - INFO - 配置文件加载成功
2024-12-18 14:40:57,306 - MyLogger - INFO - 获取所有配置文件
2024-12-18 14:41:02,833 - MyLogger - INFO - /var/folders/_t/s_hprx_106d776nkttm4wr4h0000gn/T/tmpo_ofmtzq: 文件导入成功
2024-12-18 14:41:02,835 - MyLogger - INFO - 参数读取成功
2024-12-18 14:41:02,835 - MyLogger - INFO - 参数提取成功
2024-12-18 14:41:02,835 - MyLogger - INFO - 参数检查成功
2024-12-18 14:41:02,835 - MyLogger - INFO - 参数规则检查成功
2024-12-18 14:41:02,835 - MyLogger - WARNING - 第2个过渡段: 不存在，报错位置：
TubeModelClass.get_params()
2024-12-18 14:41:02,837 - MyLogger - INFO - 参数输出成功
2024-12-18 14:41:14,341 - MyLogger - INFO - 管件参数提取成功，位置位于：ShrinkTubeClass._get_params_from_tube
2024-12-18 14:41:14,342 - MyLogger - INFO - 获取配置文件, key: 全局参数
2024-12-18 14:41:14,343 - MyLogger - INFO - 获取配置文件, key: 裁剪夹模
2024-12-18 14:41:14,343 - MyLogger - INFO - 裁剪夹模初始化完成
2024-12-18 14:41:14,343 - MyLogger - INFO - 获取配置文件, key: 全局参数
2024-12-18 14:41:14,343 - MyLogger - INFO - 获取配置文件, key: 成型模
2024-12-18 14:41:14,343 - MyLogger - INFO - 成型模初始化完成
2024-12-18 14:41:14,343 - MyLogger - INFO - 获取配置文件, key: 全局参数
2024-12-18 14:41:14,343 - MyLogger - INFO - 获取配置文件, key: 成型芯轴
2024-12-18 14:41:14,343 - MyLogger - INFO - 成型芯轴初始化完成
2024-12-18 14:41:14,343 - MyLogger - INFO - 获取配置文件, key: 全局参数
2024-12-18 14:41:14,343 - MyLogger - INFO - 获取配置文件, key: 成型退料模
2024-12-18 14:41:14,343 - MyLogger - INFO - 成型退料模初始化完成
2024-12-18 14:41:14,343 - MyLogger - INFO - 获取配置文件, key: 全局参数
2024-12-18 14:41:14,343 - MyLogger - INFO - 获取配置文件, key: 缩管模
2024-12-18 14:41:14,343 - MyLogger - INFO - 缩管模初始化完成
2024-12-18 14:41:14,343 - MyLogger - INFO - 获取配置文件, key: 全局参数
2024-12-18 14:41:14,343 - MyLogger - INFO - 获取配置文件, key: 抽管芯轴
2024-12-18 14:41:14,343 - MyLogger - INFO - 抽管芯轴初始化完成
2024-12-18 14:41:14,343 - MyLogger - INFO - 获取配置文件, key: 全局参数
2024-12-18 14:41:14,343 - MyLogger - INFO - 获取配置文件, key: 抽管退料模
2024-12-18 14:41:14,344 - MyLogger - INFO - 抽管退料模初始化完成
2024-12-18 14:41:14,361 - MyLogger - INFO - bin/local/database/mold/DC0124-AD03.enc 加密文件解密成功
2024-12-18 14:41:14,362 - MyLogger - INFO - 管件参数提取成功，位置：裁剪夹模参数
2024-12-18 14:41:14,362 - MyLogger - INFO - 裁剪夹模参数设置成功
2024-12-18 14:41:14,363 - MyLogger - INFO - bin/local/database/mold/DC0124-ADIE.enc 加密文件解密成功
2024-12-18 14:41:14,363 - MyLogger - INFO - 管件参数提取成功，位置：缩管模参数
2024-12-18 14:41:14,363 - MyLogger - INFO - 缩管模参数设置成功
2024-12-18 14:41:14,364 - MyLogger - INFO - bin/local/database/mold/DC0124-ADBT.enc 加密文件解密成功
2024-12-18 14:41:14,364 - MyLogger - INFO - 管件参数提取成功，位置：抽管芯轴参数
2024-12-18 14:41:14,364 - MyLogger - INFO - 抽管芯轴参数设置成功
2024-12-18 14:41:14,364 - MyLogger - INFO - bin/local/database/mold/DC0124-AD01.enc 加密文件解密成功
2024-12-18 14:41:14,364 - MyLogger - INFO - 管件参数提取成功，位置：抽管退料模参数
2024-12-18 14:41:14,364 - MyLogger - INFO - 抽管退料模参数设置成功
2024-12-18 14:41:14,364 - MyLogger - INFO - 抽管计算成功
2024-12-18 14:41:16,453 - MyLogger - INFO - bin/local/database/Project.enc 加密文件解密成功
2024-12-18 14:41:16,454 - MyLogger - INFO - bin/local/database/Project.enc 数据加密成功
2024-12-18 14:41:16,454 - MyLogger - INFO - 项目数据加密成功
2024-12-18 14:41:16,454 - MyLogger - INFO - bin/local/database/mold/DC0124-AD03.enc 加密文件解密成功
2024-12-18 14:41:16,455 - MyLogger - INFO - bin/local/database/mold/DC0124-AD03.enc 数据加密成功
2024-12-18 14:41:16,455 - MyLogger - INFO - DC0124-AD030001 数据加密成功
2024-12-18 14:41:16,455 - MyLogger - INFO - bin/local/database/mold/DC0124-ADIE.enc 加密文件解密成功
2024-12-18 14:41:16,456 - MyLogger - INFO - bin/local/database/mold/DC0124-ADIE.enc 数据加密成功
2024-12-18 14:41:16,456 - MyLogger - INFO - DC0124-ADIE0001 数据加密成功
2024-12-18 14:41:16,456 - MyLogger - INFO - bin/local/database/mold/DC0124-ADBT.enc 加密文件解密成功
2024-12-18 14:41:16,457 - MyLogger - INFO - bin/local/database/mold/DC0124-ADBT.enc 数据加密成功
2024-12-18 14:41:16,457 - MyLogger - INFO - DC0124-ADBT0001 数据加密成功
2024-12-18 14:41:16,457 - MyLogger - INFO - bin/local/database/mold/DC0124-AD01.enc 加密文件解密成功
2024-12-18 14:41:16,458 - MyLogger - INFO - bin/local/database/mold/DC0124-AD01.enc 数据加密成功
2024-12-18 14:41:16,458 - MyLogger - INFO - DC0124-AD010001 数据加密成功
2024-12-18 14:41:16,574 - MyLogger - INFO - 裁剪夹模的参数修改，修改标准DXF文件
2024-12-18 14:41:16,636 - MyLogger - INFO - 裁剪夹模DXF文件保存成功, 已保存至:local_cache/19G41231-ST-3-1/DC0124-AD030001.dxf
2024-12-18 14:41:16,679 - MyLogger - INFO - 缩管模的参数修改，修改标准DXF文件
2024-12-18 14:41:16,712 - MyLogger - INFO - 缩管模DXF文件保存成功, 已保存至:local_cache/19G41231-ST-3-1/DC0124-ADIE0001.dxf
2024-12-18 14:41:16,779 - MyLogger - INFO - 抽管芯轴的参数修改，修改标准DXF文件
2024-12-18 14:41:16,811 - MyLogger - INFO - 抽管芯轴DXF文件保存成功, 已保存至:local_cache/19G41231-ST-3-1/DC0124-ADBT0001.dxf
2024-12-18 14:41:16,839 - MyLogger - INFO - 抽管退料模的参数修改，修改标准DXF文件
2024-12-18 14:41:16,859 - MyLogger - INFO - 抽管退料模DXF文件保存成功, 已保存至:local_cache/19G41231-ST-3-1/DC0124-AD010001.dxf
2024-12-18 14:41:16,859 - MyLogger - INFO - 所有模具的DXF文件保存成功
2024-12-18 14:41:16,882 - MyLogger - INFO - 所有模具的excel文件保存成功， 路径位于：local_cache/19G41231-ST-3-1/模具参数汇总.xlsx
