2024-12-17 14:04:43,459 - MyLogger - ERROR - bin/local/database/mold/DC0124-AD03.enc 加密文件不存在
2024-12-17 14:04:43,460 - MyLogger - INFO - bin/local/database/mold/DC0124-AD03.enc 加密文件创建成功
2024-12-17 14:04:43,460 - MyLogger - ERROR - bin/local/database/mold/DC0124-DIEO.enc 加密文件不存在
2024-12-17 14:04:43,460 - MyLogger - INFO - bin/local/database/mold/DC0124-DIEO.enc 加密文件创建成功
2024-12-17 14:04:43,460 - MyLogger - ERROR - bin/local/database/mold/DC0124-SS01.enc 加密文件不存在
2024-12-17 14:04:43,460 - MyLogger - INFO - bin/local/database/mold/DC0124-SS01.enc 加密文件创建成功
2024-12-17 14:04:43,460 - MyLogger - ERROR - bin/local/database/mold/DC0124-AD02.enc 加密文件不存在
2024-12-17 14:04:43,460 - MyLogger - INFO - bin/local/database/mold/DC0124-AD02.enc 加密文件创建成功
2024-12-17 14:04:43,460 - MyLogger - ERROR - bin/local/database/mold/DC0124-ADIE.enc 加密文件不存在
2024-12-17 14:04:43,460 - MyLogger - INFO - bin/local/database/mold/DC0124-ADIE.enc 加密文件创建成功
2024-12-17 14:04:43,460 - MyLogger - ERROR - bin/local/database/mold/DC0124-ADBT.enc 加密文件不存在
2024-12-17 14:04:43,460 - MyLogger - INFO - bin/local/database/mold/DC0124-ADBT.enc 加密文件创建成功
2024-12-17 14:04:43,460 - MyLogger - ERROR - bin/local/database/mold/DC0124-AD01.enc 加密文件不存在
2024-12-17 14:04:43,460 - MyLogger - INFO - bin/local/database/mold/DC0124-AD01.enc 加密文件创建成功
2024-12-17 14:04:43,460 - MyLogger - ERROR - bin/local/database/mold/DC0121-AD03.enc 加密文件不存在
2024-12-17 14:04:43,460 - MyLogger - INFO - bin/local/database/mold/DC0121-AD03.enc 加密文件创建成功
2024-12-17 14:04:43,460 - MyLogger - ERROR - bin/local/database/mold/DC0121-AD04.enc 加密文件不存在
2024-12-17 14:04:43,460 - MyLogger - INFO - bin/local/database/mold/DC0121-AD04.enc 加密文件创建成功
2024-12-17 14:04:43,460 - MyLogger - ERROR - bin/local/database/mold/DC0121-DIEO.enc 加密文件不存在
2024-12-17 14:04:43,460 - MyLogger - INFO - bin/local/database/mold/DC0121-DIEO.enc 加密文件创建成功
2024-12-17 14:04:43,460 - MyLogger - ERROR - bin/local/database/mold/DC0121-SS01.enc 加密文件不存在
2024-12-17 14:04:43,460 - MyLogger - INFO - bin/local/database/mold/DC0121-SS01.enc 加密文件创建成功
2024-12-17 14:04:43,460 - MyLogger - ERROR - bin/local/database/mold/DC0121-AD02.enc 加密文件不存在
2024-12-17 14:04:43,460 - MyLogger - INFO - bin/local/database/mold/DC0121-AD02.enc 加密文件创建成功
2024-12-17 14:04:43,460 - MyLogger - ERROR - bin/local/database/mold/DC0121-ADIE.enc 加密文件不存在
2024-12-17 14:04:43,460 - MyLogger - INFO - bin/local/database/mold/DC0121-ADIE.enc 加密文件创建成功
2024-12-17 14:04:43,460 - MyLogger - ERROR - bin/local/database/mold/DC0121-ADBT.enc 加密文件不存在
2024-12-17 14:04:43,460 - MyLogger - INFO - bin/local/database/mold/DC0121-ADBT.enc 加密文件创建成功
2024-12-17 14:04:43,460 - MyLogger - ERROR - bin/local/database/mold/DC0121-AD01.enc 加密文件不存在
2024-12-17 14:04:43,460 - MyLogger - INFO - bin/local/database/mold/DC0121-AD01.enc 加密文件创建成功
2024-12-17 14:04:43,460 - MyLogger - ERROR - bin/local/database/mold/DC0125-AD06.enc 加密文件不存在
2024-12-17 14:04:43,460 - MyLogger - INFO - bin/local/database/mold/DC0125-AD06.enc 加密文件创建成功
2024-12-17 14:04:43,460 - MyLogger - ERROR - bin/local/database/mold/DC0125-AD07.enc 加密文件不存在
2024-12-17 14:04:43,461 - MyLogger - INFO - bin/local/database/mold/DC0125-AD07.enc 加密文件创建成功
2024-12-17 14:04:43,461 - MyLogger - ERROR - bin/local/database/mold/DC0125-DIEO.enc 加密文件不存在
2024-12-17 14:04:43,461 - MyLogger - INFO - bin/local/database/mold/DC0125-DIEO.enc 加密文件创建成功
2024-12-17 14:04:43,461 - MyLogger - ERROR - bin/local/database/mold/DC0125-SS01.enc 加密文件不存在
2024-12-17 14:04:43,461 - MyLogger - INFO - bin/local/database/mold/DC0125-SS01.enc 加密文件创建成功
2024-12-17 14:04:43,461 - MyLogger - ERROR - bin/local/database/mold/DC0125-ADIE.enc 加密文件不存在
2024-12-17 14:04:43,461 - MyLogger - INFO - bin/local/database/mold/DC0125-ADIE.enc 加密文件创建成功
2024-12-17 14:04:43,461 - MyLogger - ERROR - bin/local/database/mold/DC0125-ADBT.enc 加密文件不存在
2024-12-17 14:04:43,461 - MyLogger - INFO - bin/local/database/mold/DC0125-ADBT.enc 加密文件创建成功
2024-12-17 14:04:43,461 - MyLogger - ERROR - bin/local/database/Project.enc 加密文件不存在
2024-12-17 14:04:43,461 - MyLogger - INFO - bin/local/database/Project.enc 加密文件创建成功
2024-12-17 14:04:43,461 - MyLogger - INFO - 配置文件加载成功
2024-12-17 14:04:43,461 - MyLogger - INFO - 获取所有配置文件
2024-12-17 14:09:08,844 - MyLogger - INFO - /var/folders/_t/s_hprx_106d776nkttm4wr4h0000gn/T/tmpmm0jgjat: 文件导入成功
2024-12-17 14:09:08,846 - MyLogger - INFO - 参数读取成功
2024-12-17 14:09:08,846 - MyLogger - INFO - 参数提取成功
2024-12-17 14:09:08,847 - MyLogger - INFO - 参数检查成功
2024-12-17 14:09:08,847 - MyLogger - INFO - 参数规则检查成功
2024-12-17 14:09:08,847 - MyLogger - WARNING - 第3个过渡段: 不存在，报错位置：
TubeModelClass.get_params()
2024-12-17 14:09:08,852 - MyLogger - INFO - 参数输出成功
2024-12-17 14:10:08,622 - MyLogger - INFO - 管件参数提取成功，位置位于：ShrinkTubeClass._get_params_from_tube
2024-12-17 14:10:08,622 - MyLogger - INFO - 获取配置文件, key: 全局参数
2024-12-17 14:10:08,622 - MyLogger - INFO - 获取配置文件, key: 裁剪夹模
2024-12-17 14:10:08,622 - MyLogger - INFO - 裁剪夹模初始化完成
2024-12-17 14:10:08,623 - MyLogger - INFO - 获取配置文件, key: 全局参数
2024-12-17 14:10:08,623 - MyLogger - INFO - 获取配置文件, key: 成型模
2024-12-17 14:10:08,623 - MyLogger - INFO - 成型模初始化完成
2024-12-17 14:10:08,623 - MyLogger - INFO - 获取配置文件, key: 全局参数
2024-12-17 14:10:08,623 - MyLogger - INFO - 获取配置文件, key: 成型芯轴
2024-12-17 14:10:08,623 - MyLogger - INFO - 成型芯轴初始化完成
2024-12-17 14:10:08,623 - MyLogger - INFO - 获取配置文件, key: 全局参数
2024-12-17 14:10:08,623 - MyLogger - INFO - 获取配置文件, key: 成型退料模
2024-12-17 14:10:08,623 - MyLogger - INFO - 成型退料模初始化完成
2024-12-17 14:10:08,623 - MyLogger - INFO - 获取配置文件, key: 全局参数
2024-12-17 14:10:08,623 - MyLogger - INFO - 获取配置文件, key: 缩管模
2024-12-17 14:10:08,623 - MyLogger - INFO - 缩管模初始化完成
2024-12-17 14:10:08,623 - MyLogger - INFO - 获取配置文件, key: 全局参数
2024-12-17 14:10:08,624 - MyLogger - INFO - 获取配置文件, key: 抽管芯轴
2024-12-17 14:10:08,624 - MyLogger - INFO - 抽管芯轴初始化完成
2024-12-17 14:10:08,624 - MyLogger - INFO - 获取配置文件, key: 全局参数
2024-12-17 14:10:08,624 - MyLogger - INFO - 获取配置文件, key: 抽管退料模
2024-12-17 14:10:08,624 - MyLogger - INFO - 抽管退料模初始化完成
2024-12-17 14:10:08,626 - MyLogger - ERROR - 没有找到裁剪夹模的图号，将使用默认的图号
2024-12-17 14:10:08,626 - MyLogger - INFO - 管件参数提取成功，位置：裁剪夹模参数
2024-12-17 14:10:08,626 - MyLogger - INFO - 裁剪夹模参数设置成功
2024-12-17 14:10:08,627 - MyLogger - ERROR - 没有找到缩管模的图号，将使用默认的图号
2024-12-17 14:10:08,627 - MyLogger - INFO - 管件参数提取成功，位置：缩管模参数
2024-12-17 14:10:08,627 - MyLogger - INFO - 缩管模参数设置成功
2024-12-17 14:10:08,628 - MyLogger - ERROR - 没有找到抽管芯轴的图号，将使用默认的图号
2024-12-17 14:10:08,628 - MyLogger - INFO - 管件参数提取成功，位置：抽管芯轴参数
2024-12-17 14:10:08,629 - MyLogger - INFO - 抽管芯轴参数设置成功
2024-12-17 14:10:08,629 - MyLogger - ERROR - 没有找到抽管退料模的图号，将使用默认的图号
2024-12-17 14:10:08,629 - MyLogger - INFO - 管件参数提取成功，位置：抽管退料模参数
2024-12-17 14:10:08,629 - MyLogger - INFO - 抽管退料模参数设置成功
2024-12-17 14:10:08,629 - MyLogger - INFO - 获取配置文件, key: 全局参数
2024-12-17 14:10:08,629 - MyLogger - INFO - 获取配置文件, key: 裁剪夹模_
2024-12-17 14:10:08,629 - MyLogger - INFO - 裁剪夹模_初始化完成
2024-12-17 14:10:08,630 - MyLogger - INFO - 管件参数提取成功，位置：裁剪夹模_参数
2024-12-17 14:10:08,630 - MyLogger - INFO - 裁剪夹模_参数设置成功
2024-12-17 14:10:08,630 - MyLogger - INFO - 抽管计算成功
